[06-Oct-2016 16:03:32 UTC] PHP Fatal error:  Call to undefined function get_template_direcotory() in /home/ubuntu/workspace/wp-content/themes/sunsetblvd/functions.php on line 2
[06-Oct-2016 16:03:32 UTC] PHP Stack trace:
[06-Oct-2016 16:03:32 UTC] PHP   1. {main}() /home/ubuntu/workspace/wp-admin/themes.php:0
[06-Oct-2016 16:03:32 UTC] PHP   2. require_once() /home/ubuntu/workspace/wp-admin/themes.php:10
[06-Oct-2016 16:03:32 UTC] PHP   3. require_once() /home/ubuntu/workspace/wp-admin/admin.php:31
[06-Oct-2016 16:03:32 UTC] PHP   4. require_once() /home/ubuntu/workspace/wp-load.php:39
[06-Oct-2016 16:03:32 UTC] PHP   5. require_once() /home/ubuntu/workspace/wp-config.php:92
[06-Oct-2016 16:03:32 UTC] PHP   6. include() /home/ubuntu/workspace/wp-settings.php:387
[06-Oct-2016 16:04:14 UTC] PHP Warning:  require(/home/ubuntu/workspace/wp-content/themes/sunsetblvd/inc/function_admin.php): failed to open stream: No such file or directory in /home/ubuntu/workspace/wp-content/themes/sunsetblvd/functions.php on line 2
[06-Oct-2016 16:04:14 UTC] PHP Stack trace:
[06-Oct-2016 16:04:14 UTC] PHP   1. {main}() /home/ubuntu/workspace/wp-admin/themes.php:0
[06-Oct-2016 16:04:14 UTC] PHP   2. require_once() /home/ubuntu/workspace/wp-admin/themes.php:10
[06-Oct-2016 16:04:14 UTC] PHP   3. require_once() /home/ubuntu/workspace/wp-admin/admin.php:31
[06-Oct-2016 16:04:14 UTC] PHP   4. require_once() /home/ubuntu/workspace/wp-load.php:39
[06-Oct-2016 16:04:14 UTC] PHP   5. require_once() /home/ubuntu/workspace/wp-config.php:92
[06-Oct-2016 16:04:14 UTC] PHP   6. include() /home/ubuntu/workspace/wp-settings.php:387
[06-Oct-2016 16:04:14 UTC] PHP Fatal error:  require(): Failed opening required '/home/ubuntu/workspace/wp-content/themes/sunsetblvd/inc/function_admin.php' (include_path='.:/usr/share/php:/usr/share/pear') in /home/ubuntu/workspace/wp-content/themes/sunsetblvd/functions.php on line 2
[06-Oct-2016 16:04:14 UTC] PHP Stack trace:
[06-Oct-2016 16:04:14 UTC] PHP   1. {main}() /home/ubuntu/workspace/wp-admin/themes.php:0
[06-Oct-2016 16:04:14 UTC] PHP   2. require_once() /home/ubuntu/workspace/wp-admin/themes.php:10
[06-Oct-2016 16:04:14 UTC] PHP   3. require_once() /home/ubuntu/workspace/wp-admin/admin.php:31
[06-Oct-2016 16:04:14 UTC] PHP   4. require_once() /home/ubuntu/workspace/wp-load.php:39
[06-Oct-2016 16:04:14 UTC] PHP   5. require_once() /home/ubuntu/workspace/wp-config.php:92
[06-Oct-2016 16:04:14 UTC] PHP   6. include() /home/ubuntu/workspace/wp-settings.php:387
[06-Oct-2016 18:08:33 UTC] PHP Warning:  require(): https:// wrapper is disabled in the server configuration by allow_url_include=0 in /home/ubuntu/workspace/wp-content/themes/sunsetblvd/inc/functions_admin.php on line 25
[06-Oct-2016 18:08:33 UTC] PHP Stack trace:
[06-Oct-2016 18:08:33 UTC] PHP   1. {main}() /home/ubuntu/workspace/wp-admin/admin.php:0
[06-Oct-2016 18:08:33 UTC] PHP   2. do_action() /home/ubuntu/workspace/wp-admin/admin.php:222
[06-Oct-2016 18:08:33 UTC] PHP   3. call_user_func_array:{/home/ubuntu/workspace/wp-includes/plugin.php:524}() /home/ubuntu/workspace/wp-includes/plugin.php:524
[06-Oct-2016 18:08:33 UTC] PHP   4. sunset_theme_create_page() /home/ubuntu/workspace/wp-includes/plugin.php:524
[06-Oct-2016 18:08:33 UTC] PHP Warning:  require(https://wordpress-mongoose20.c9users.io/wp-content/themes/sunsetblvd/templates/sunsetblvd_admin.php): failed to open stream: no suitable wrapper could be found in /home/ubuntu/workspace/wp-content/themes/sunsetblvd/inc/functions_admin.php on line 25
[06-Oct-2016 18:08:33 UTC] PHP Stack trace:
[06-Oct-2016 18:08:33 UTC] PHP   1. {main}() /home/ubuntu/workspace/wp-admin/admin.php:0
[06-Oct-2016 18:08:33 UTC] PHP   2. do_action() /home/ubuntu/workspace/wp-admin/admin.php:222
[06-Oct-2016 18:08:33 UTC] PHP   3. call_user_func_array:{/home/ubuntu/workspace/wp-includes/plugin.php:524}() /home/ubuntu/workspace/wp-includes/plugin.php:524
[06-Oct-2016 18:08:33 UTC] PHP   4. sunset_theme_create_page() /home/ubuntu/workspace/wp-includes/plugin.php:524
[06-Oct-2016 18:08:33 UTC] PHP Fatal error:  require(): Failed opening required 'https://wordpress-mongoose20.c9users.io/wp-content/themes/sunsetblvd/templates/sunsetblvd_admin.php' (include_path='.:/usr/share/php:/usr/share/pear') in /home/ubuntu/workspace/wp-content/themes/sunsetblvd/inc/functions_admin.php on line 25
[06-Oct-2016 18:08:33 UTC] PHP Stack trace:
[06-Oct-2016 18:08:33 UTC] PHP   1. {main}() /home/ubuntu/workspace/wp-admin/admin.php:0
[06-Oct-2016 18:08:33 UTC] PHP   2. do_action() /home/ubuntu/workspace/wp-admin/admin.php:222
[06-Oct-2016 18:08:33 UTC] PHP   3. call_user_func_array:{/home/ubuntu/workspace/wp-includes/plugin.php:524}() /home/ubuntu/workspace/wp-includes/plugin.php:524
[06-Oct-2016 18:08:33 UTC] PHP   4. sunset_theme_create_page() /home/ubuntu/workspace/wp-includes/plugin.php:524
[06-Oct-2016 18:09:01 UTC] PHP Warning:  require(/home/ubuntu/workspace/wp-content/themes/sunsetblvd/templates/sunsetblvd_admin.php): failed to open stream: No such file or directory in /home/ubuntu/workspace/wp-content/themes/sunsetblvd/inc/functions_admin.php on line 25
[06-Oct-2016 18:09:01 UTC] PHP Stack trace:
[06-Oct-2016 18:09:01 UTC] PHP   1. {main}() /home/ubuntu/workspace/wp-admin/admin.php:0
[06-Oct-2016 18:09:01 UTC] PHP   2. do_action() /home/ubuntu/workspace/wp-admin/admin.php:222
[06-Oct-2016 18:09:01 UTC] PHP   3. call_user_func_array:{/home/ubuntu/workspace/wp-includes/plugin.php:524}() /home/ubuntu/workspace/wp-includes/plugin.php:524
[06-Oct-2016 18:09:01 UTC] PHP   4. sunset_theme_create_page() /home/ubuntu/workspace/wp-includes/plugin.php:524
[06-Oct-2016 18:09:01 UTC] PHP Fatal error:  require(): Failed opening required '/home/ubuntu/workspace/wp-content/themes/sunsetblvd/templates/sunsetblvd_admin.php' (include_path='.:/usr/share/php:/usr/share/pear') in /home/ubuntu/workspace/wp-content/themes/sunsetblvd/inc/functions_admin.php on line 25
[06-Oct-2016 18:09:01 UTC] PHP Stack trace:
[06-Oct-2016 18:09:01 UTC] PHP   1. {main}() /home/ubuntu/workspace/wp-admin/admin.php:0
[06-Oct-2016 18:09:01 UTC] PHP   2. do_action() /home/ubuntu/workspace/wp-admin/admin.php:222
[06-Oct-2016 18:09:01 UTC] PHP   3. call_user_func_array:{/home/ubuntu/workspace/wp-includes/plugin.php:524}() /home/ubuntu/workspace/wp-includes/plugin.php:524
[06-Oct-2016 18:09:01 UTC] PHP   4. sunset_theme_create_page() /home/ubuntu/workspace/wp-includes/plugin.php:524
[06-Oct-2016 18:10:07 UTC] PHP Warning:  require(/home/ubuntu/workspace/wp-content/themes/sunsetblvdinc/templates/sunsetblvd_admin.php): failed to open stream: No such file or directory in /home/ubuntu/workspace/wp-content/themes/sunsetblvd/inc/functions_admin.php on line 25
[06-Oct-2016 18:10:07 UTC] PHP Stack trace:
[06-Oct-2016 18:10:07 UTC] PHP   1. {main}() /home/ubuntu/workspace/wp-admin/admin.php:0
[06-Oct-2016 18:10:07 UTC] PHP   2. do_action() /home/ubuntu/workspace/wp-admin/admin.php:222
[06-Oct-2016 18:10:07 UTC] PHP   3. call_user_func_array:{/home/ubuntu/workspace/wp-includes/plugin.php:524}() /home/ubuntu/workspace/wp-includes/plugin.php:524
[06-Oct-2016 18:10:07 UTC] PHP   4. sunset_theme_create_page() /home/ubuntu/workspace/wp-includes/plugin.php:524
[06-Oct-2016 18:10:07 UTC] PHP Fatal error:  require(): Failed opening required '/home/ubuntu/workspace/wp-content/themes/sunsetblvdinc/templates/sunsetblvd_admin.php' (include_path='.:/usr/share/php:/usr/share/pear') in /home/ubuntu/workspace/wp-content/themes/sunsetblvd/inc/functions_admin.php on line 25
[06-Oct-2016 18:10:07 UTC] PHP Stack trace:
[06-Oct-2016 18:10:07 UTC] PHP   1. {main}() /home/ubuntu/workspace/wp-admin/admin.php:0
[06-Oct-2016 18:10:07 UTC] PHP   2. do_action() /home/ubuntu/workspace/wp-admin/admin.php:222
[06-Oct-2016 18:10:07 UTC] PHP   3. call_user_func_array:{/home/ubuntu/workspace/wp-includes/plugin.php:524}() /home/ubuntu/workspace/wp-includes/plugin.php:524
[06-Oct-2016 18:10:07 UTC] PHP   4. sunset_theme_create_page() /home/ubuntu/workspace/wp-includes/plugin.php:524
[06-Oct-2016 18:10:50 UTC] PHP Warning:  require(): https:// wrapper is disabled in the server configuration by allow_url_include=0 in /home/ubuntu/workspace/wp-content/themes/sunsetblvd/inc/functions_admin.php on line 25
[06-Oct-2016 18:10:50 UTC] PHP Stack trace:
[06-Oct-2016 18:10:50 UTC] PHP   1. {main}() /home/ubuntu/workspace/wp-admin/admin.php:0
[06-Oct-2016 18:10:50 UTC] PHP   2. do_action() /home/ubuntu/workspace/wp-admin/admin.php:222
[06-Oct-2016 18:10:50 UTC] PHP   3. call_user_func_array:{/home/ubuntu/workspace/wp-includes/plugin.php:524}() /home/ubuntu/workspace/wp-includes/plugin.php:524
[06-Oct-2016 18:10:50 UTC] PHP   4. sunset_theme_create_page() /home/ubuntu/workspace/wp-includes/plugin.php:524
[06-Oct-2016 18:10:50 UTC] PHP Warning:  require(https://wordpress-mongoose20.c9users.io/wp-content/themes/sunsetblvdinc/templates/sunsetblvd_admin.php): failed to open stream: no suitable wrapper could be found in /home/ubuntu/workspace/wp-content/themes/sunsetblvd/inc/functions_admin.php on line 25
[06-Oct-2016 18:10:50 UTC] PHP Stack trace:
[06-Oct-2016 18:10:50 UTC] PHP   1. {main}() /home/ubuntu/workspace/wp-admin/admin.php:0
[06-Oct-2016 18:10:50 UTC] PHP   2. do_action() /home/ubuntu/workspace/wp-admin/admin.php:222
[06-Oct-2016 18:10:50 UTC] PHP   3. call_user_func_array:{/home/ubuntu/workspace/wp-includes/plugin.php:524}() /home/ubuntu/workspace/wp-includes/plugin.php:524
[06-Oct-2016 18:10:50 UTC] PHP   4. sunset_theme_create_page() /home/ubuntu/workspace/wp-includes/plugin.php:524
[06-Oct-2016 18:10:50 UTC] PHP Fatal error:  require(): Failed opening required 'https://wordpress-mongoose20.c9users.io/wp-content/themes/sunsetblvdinc/templates/sunsetblvd_admin.php' (include_path='.:/usr/share/php:/usr/share/pear') in /home/ubuntu/workspace/wp-content/themes/sunsetblvd/inc/functions_admin.php on line 25
[06-Oct-2016 18:10:50 UTC] PHP Stack trace:
[06-Oct-2016 18:10:50 UTC] PHP   1. {main}() /home/ubuntu/workspace/wp-admin/admin.php:0
[06-Oct-2016 18:10:50 UTC] PHP   2. do_action() /home/ubuntu/workspace/wp-admin/admin.php:222
[06-Oct-2016 18:10:50 UTC] PHP   3. call_user_func_array:{/home/ubuntu/workspace/wp-includes/plugin.php:524}() /home/ubuntu/workspace/wp-includes/plugin.php:524
[06-Oct-2016 18:10:50 UTC] PHP   4. sunset_theme_create_page() /home/ubuntu/workspace/wp-includes/plugin.php:524
[06-Oct-2016 18:59:25 UTC] PHP Fatal error:  Call to undefined function settings_field() in /home/ubuntu/workspace/wp-content/themes/sunsetblvd/inc/templates/sunsetblvd_admin.php on line 6
[06-Oct-2016 18:59:25 UTC] PHP Stack trace:
[06-Oct-2016 18:59:25 UTC] PHP   1. {main}() /home/ubuntu/workspace/wp-admin/admin.php:0
[06-Oct-2016 18:59:25 UTC] PHP   2. do_action() /home/ubuntu/workspace/wp-admin/admin.php:222
[06-Oct-2016 18:59:25 UTC] PHP   3. call_user_func_array:{/home/ubuntu/workspace/wp-includes/plugin.php:524}() /home/ubuntu/workspace/wp-includes/plugin.php:524
[06-Oct-2016 18:59:25 UTC] PHP   4. sunset_theme_create_page() /home/ubuntu/workspace/wp-includes/plugin.php:524
[06-Oct-2016 18:59:25 UTC] PHP   5. require_once() /home/ubuntu/workspace/wp-content/themes/sunsetblvd/inc/functions_admin.php:31
[06-Oct-2016 19:14:49 UTC] PHP Fatal error:  Call to undefined function do_settings_section() in /home/ubuntu/workspace/wp-content/themes/sunsetblvd/inc/templates/sunsetblvd_admin.php on line 7
[06-Oct-2016 19:14:49 UTC] PHP Stack trace:
[06-Oct-2016 19:14:49 UTC] PHP   1. {main}() /home/ubuntu/workspace/wp-admin/admin.php:0
[06-Oct-2016 19:14:49 UTC] PHP   2. do_action() /home/ubuntu/workspace/wp-admin/admin.php:222
[06-Oct-2016 19:14:49 UTC] PHP   3. call_user_func_array:{/home/ubuntu/workspace/wp-includes/plugin.php:524}() /home/ubuntu/workspace/wp-includes/plugin.php:524
[06-Oct-2016 19:14:49 UTC] PHP   4. sunset_theme_create_page() /home/ubuntu/workspace/wp-includes/plugin.php:524
[06-Oct-2016 19:14:49 UTC] PHP   5. require_once() /home/ubuntu/workspace/wp-content/themes/sunsetblvd/inc/functions_admin.php:36
[06-Oct-2016 19:55:22 UTC] PHP Fatal error:  Call to undefined function settings_error() in /home/ubuntu/workspace/wp-content/themes/sunsetblvd/inc/templates/sunsetblvd_admin.php on line 2
[06-Oct-2016 19:55:22 UTC] PHP Stack trace:
[06-Oct-2016 19:55:22 UTC] PHP   1. {main}() /home/ubuntu/workspace/wp-admin/admin.php:0
[06-Oct-2016 19:55:22 UTC] PHP   2. do_action() /home/ubuntu/workspace/wp-admin/admin.php:222
[06-Oct-2016 19:55:22 UTC] PHP   3. call_user_func_array:{/home/ubuntu/workspace/wp-includes/plugin.php:524}() /home/ubuntu/workspace/wp-includes/plugin.php:524
[06-Oct-2016 19:55:22 UTC] PHP   4. sunset_theme_create_page() /home/ubuntu/workspace/wp-includes/plugin.php:524
[06-Oct-2016 19:55:22 UTC] PHP   5. require_once() /home/ubuntu/workspace/wp-content/themes/sunsetblvd/inc/functions_admin.php:42
[06-Oct-2016 19:55:46 UTC] PHP Fatal error:  Call to undefined function setting_error() in /home/ubuntu/workspace/wp-content/themes/sunsetblvd/inc/templates/sunsetblvd_admin.php on line 2
[06-Oct-2016 19:55:46 UTC] PHP Stack trace:
[06-Oct-2016 19:55:46 UTC] PHP   1. {main}() /home/ubuntu/workspace/wp-admin/admin.php:0
[06-Oct-2016 19:55:46 UTC] PHP   2. do_action() /home/ubuntu/workspace/wp-admin/admin.php:222
[06-Oct-2016 19:55:46 UTC] PHP   3. call_user_func_array:{/home/ubuntu/workspace/wp-includes/plugin.php:524}() /home/ubuntu/workspace/wp-includes/plugin.php:524
[06-Oct-2016 19:55:46 UTC] PHP   4. sunset_theme_create_page() /home/ubuntu/workspace/wp-includes/plugin.php:524
[06-Oct-2016 19:55:46 UTC] PHP   5. require_once() /home/ubuntu/workspace/wp-content/themes/sunsetblvd/inc/functions_admin.php:42
[12-Oct-2016 20:30:32 UTC] PHP Notice:  Undefined variable: last_name in /home/ubuntu/workspace/wp-content/themes/sunsetblvd/inc/functions_admin.php on line 35
[12-Oct-2016 20:30:32 UTC] PHP Stack trace:
[12-Oct-2016 20:30:32 UTC] PHP   1. {main}() /home/ubuntu/workspace/wp-admin/admin.php:0
[12-Oct-2016 20:30:32 UTC] PHP   2. do_action() /home/ubuntu/workspace/wp-admin/admin.php:222
[12-Oct-2016 20:30:32 UTC] PHP   3. call_user_func_array:{/home/ubuntu/workspace/wp-includes/plugin.php:524}() /home/ubuntu/workspace/wp-includes/plugin.php:524
[12-Oct-2016 20:30:32 UTC] PHP   4. sunset_theme_create_page() /home/ubuntu/workspace/wp-includes/plugin.php:524
[12-Oct-2016 20:30:32 UTC] PHP   5. require_once() /home/ubuntu/workspace/wp-content/themes/sunsetblvd/inc/functions_admin.php:44
[12-Oct-2016 20:30:32 UTC] PHP   6. do_settings_sections() /home/ubuntu/workspace/wp-content/themes/sunsetblvd/inc/templates/sunsetblvd_admin.php:5
[12-Oct-2016 20:30:32 UTC] PHP   7. do_settings_fields() /home/ubuntu/workspace/wp-admin/includes/template.php:1299
[12-Oct-2016 20:30:32 UTC] PHP   8. call_user_func:{/home/ubuntu/workspace/wp-admin/includes/template.php:1340}() /home/ubuntu/workspace/wp-admin/includes/template.php:1340
[12-Oct-2016 20:30:32 UTC] PHP   9. sunset_sidebar_name() /home/ubuntu/workspace/wp-admin/includes/template.php:1340
[12-Oct-2016 20:58:45 UTC] PHP Fatal error:  Call to undefined function get_options() in /home/ubuntu/workspace/wp-content/themes/sunsetblvd/inc/functions_admin.php on line 50
[12-Oct-2016 20:58:45 UTC] PHP Stack trace:
[12-Oct-2016 20:58:45 UTC] PHP   1. {main}() /home/ubuntu/workspace/wp-admin/admin.php:0
[12-Oct-2016 20:58:45 UTC] PHP   2. do_action() /home/ubuntu/workspace/wp-admin/admin.php:222
[12-Oct-2016 20:58:45 UTC] PHP   3. call_user_func_array:{/home/ubuntu/workspace/wp-includes/plugin.php:524}() /home/ubuntu/workspace/wp-includes/plugin.php:524
[12-Oct-2016 20:58:45 UTC] PHP   4. sunset_theme_create_page() /home/ubuntu/workspace/wp-includes/plugin.php:524
[12-Oct-2016 20:58:45 UTC] PHP   5. require_once() /home/ubuntu/workspace/wp-content/themes/sunsetblvd/inc/functions_admin.php:66
[12-Oct-2016 20:58:45 UTC] PHP   6. do_settings_sections() /home/ubuntu/workspace/wp-content/themes/sunsetblvd/inc/templates/sunsetblvd_admin.php:5
[12-Oct-2016 20:58:45 UTC] PHP   7. do_settings_fields() /home/ubuntu/workspace/wp-admin/includes/template.php:1299
[12-Oct-2016 20:58:45 UTC] PHP   8. call_user_func:{/home/ubuntu/workspace/wp-admin/includes/template.php:1340}() /home/ubuntu/workspace/wp-admin/includes/template.php:1340
[12-Oct-2016 20:58:45 UTC] PHP   9. sunset_sidebar_twitter() /home/ubuntu/workspace/wp-admin/includes/template.php:1340
[12-Oct-2016 21:08:23 UTC] PHP Notice:  Undefined variable: twitter_handler in /home/ubuntu/workspace/wp-content/themes/sunsetblvd/inc/functions_admin.php on line 63
[12-Oct-2016 21:08:23 UTC] PHP Stack trace:
[12-Oct-2016 21:08:23 UTC] PHP   1. {main}() /home/ubuntu/workspace/wp-admin/admin.php:0
[12-Oct-2016 21:08:23 UTC] PHP   2. do_action() /home/ubuntu/workspace/wp-admin/admin.php:222
[12-Oct-2016 21:08:23 UTC] PHP   3. call_user_func_array:{/home/ubuntu/workspace/wp-includes/plugin.php:524}() /home/ubuntu/workspace/wp-includes/plugin.php:524
[12-Oct-2016 21:08:23 UTC] PHP   4. sunset_theme_create_page() /home/ubuntu/workspace/wp-includes/plugin.php:524
[12-Oct-2016 21:08:23 UTC] PHP   5. require_once() /home/ubuntu/workspace/wp-content/themes/sunsetblvd/inc/functions_admin.php:74
[12-Oct-2016 21:08:23 UTC] PHP   6. do_settings_sections() /home/ubuntu/workspace/wp-content/themes/sunsetblvd/inc/templates/sunsetblvd_admin.php:5
[12-Oct-2016 21:08:23 UTC] PHP   7. do_settings_fields() /home/ubuntu/workspace/wp-admin/includes/template.php:1299
[12-Oct-2016 21:08:23 UTC] PHP   8. call_user_func:{/home/ubuntu/workspace/wp-admin/includes/template.php:1340}() /home/ubuntu/workspace/wp-admin/includes/template.php:1340
[12-Oct-2016 21:08:23 UTC] PHP   9. sunset_sidebar_gplus() /home/ubuntu/workspace/wp-admin/includes/template.php:1340
